-------------------------------------------------------------------------------
Test set: com.fatec.sp.ex2.pratica2CesarSantos.Pratica2CesarSantosApplicationTests
-------------------------------------------------------------------------------
Tests run: 1, Failures: 0, Errors: 1, Skipped: 0, Time elapsed: 10.444 s <<< FAILURE! - in com.fatec.sp.ex2.pratica2CesarSantos.Pratica2CesarSantosApplicationTests
contextLoads(com.fatec.sp.ex2.pratica2CesarSantos.Pratica2CesarSantosApplicationTests)  Time elapsed: 0.001 s  <<< ERROR!
java.lang.IllegalStateException: Failed to load ApplicationContext
Caused by: org.springframework.beans.factory.BeanCreationException: Error creating bean with name 'entityManagerFactory' defined in class path resource [org/springframework/boot/autoconfigure/orm/jpa/HibernateJpaConfiguration.class]: Invocation of init method failed; nested exception is org.hibernate.AnnotationException: Illegal attempt to map a non collection as a @OneToMany, @ManyToMany or @CollectionOfElements: com.fatec.sp.ex2.pratica2CesarSantos.model.Endereco.id
Caused by: org.hibernate.AnnotationException: Illegal attempt to map a non collection as a @OneToMany, @ManyToMany or @CollectionOfElements: com.fatec.sp.ex2.pratica2CesarSantos.model.Endereco.id

